<?xml version="1.0" encoding="UTF-8"?>
<!-- Generated by org.testng.reporters.JUnitReportReporter -->
<testsuite hostname="INLM-NithyaR-2.local" name="Map.Google.GoogleSearch" tests="1" failures="0" timestamp="16 Dec 2019 08:23:46 GMT" time="1.006" errors="0">
  <testcase name="test" time="1.006" classname="Map.Google.GoogleSearch"/>
</testsuite> <!-- Map.Google.GoogleSearch -->
