<?xml version="1.0" encoding="UTF-8"?>
<!-- Generated by org.testng.reporters.JUnitReportReporter -->
<testsuite hostname="INLM-SIVAMB.local" name="Map.Google.Gmap" tests="1" failures="0" timestamp="16 Dec 2019 07:14:45 GMT" time="0.169" errors="0">
  <testcase name="test" time="0.169" classname="Map.Google.Gmap"/>
</testsuite> <!-- Map.Google.Gmap -->
